Timestamp	Filename	Error	Message
2025-10-19 23:18:35.080 +0800	R&D_Management.fmp12	0	Import operations started
2025-10-19 23:18:36.568 +0800	R&D_Management.fmp12	0	Import operations canceled
2025-10-19 23:18:36.580 +0800	R&D_Management.fmp12	0	==================================================================
2025-10-20 17:09:38.033 +0800	R&D_Management.fmp12	0	Import of script steps from clipboard started
2025-10-20 17:09:38.059 +0800	Delete employee data	0	script steps imported : 5
2025-10-20 17:09:38.074 +0800	R&D_Management.fmp12	0	Import completed
2025-10-20 19:25:28.739 +0800	R&D_Management.fmp12	0	Import of script steps from clipboard started
2025-10-20 19:25:28.780 +0800	Edit employee data	0	script steps imported : 2
2025-10-20 19:25:28.822 +0800	R&D_Management.fmp12	0	Import completed
2025-10-20 19:26:24.461 +0800	R&D_Management.fmp12	0	Import of script steps from clipboard started
2025-10-20 19:26:24.493 +0800	Edit employee data	0	script steps imported : 1
2025-10-20 19:26:24.510 +0800	R&D_Management.fmp12	0	Import completed
2025-10-20 19:47:29.900 +0800	R&D_Management.fmp12	0	Import of script steps from clipboard started
2025-10-20 19:47:29.935 +0800	Edit employee data	0	script steps imported : 1
2025-10-20 19:47:29.952 +0800	R&D_Management.fmp12	0	Import completed
2025-10-20 21:13:28.194 +0800	R&D_Management.fmp12	0	Import of script steps from clipboard started
2025-10-20 21:13:28.230 +0800	Edit employee data	0	script steps imported : 3
2025-10-20 21:13:28.247 +0800	R&D_Management.fmp12	0	Import completed
2025-10-20 23:14:34.840 +0800	R&D_Management.fmp12	0	Import of script steps from clipboard started
2025-10-20 23:14:34.871 +0800	Search	0	script steps imported : 8
2025-10-20 23:14:34.888 +0800	R&D_Management.fmp12	0	Import completed
